::1 - - [24/Jul/2018:13:40:22 -0300] "GET / HTTP/1.1" 302 6436
::1 - - [24/Jul/2018:13:40:25 -0300] "GET /login.php HTTP/1.1" 200 3270
::1 - - [24/Jul/2018:13:40:25 -0300] "GET /assets/css/normalize.css HTTP/1.1" 200 2381
::1 - - [24/Jul/2018:13:40:25 -0300] "GET /assets/css/themify-icons.css HTTP/1.1" 200 16450
::1 - - [24/Jul/2018:13:40:25 -0300] "GET /assets/css/bootstrap.min.css HTTP/1.1" 200 142181
::1 - - [24/Jul/2018:13:40:25 -0300] "GET /assets/css/font-awesome.min.css HTTP/1.1" 200 31000
::1 - - [24/Jul/2018:13:40:25 -0300] "GET /assets/css/flag-icon.min.css HTTP/1.1" 200 37617
::1 - - [24/Jul/2018:13:40:25 -0300] "GET /assets/js/main.js HTTP/1.1" 200 894
::1 - - [24/Jul/2018:13:40:25 -0300] "GET /assets/css/cs-skin-elastic.css HTTP/1.1" 200 6851
::1 - - [24/Jul/2018:13:40:25 -0300] "GET /assets/scss/style.css HTTP/1.1" 200 58474
::1 - - [24/Jul/2018:13:40:25 -0300] "GET /assets/css/animate.css HTTP/1.1" 200 23848
::1 - - [24/Jul/2018:13:40:25 -0300] "GET /favicon.ico HTTP/1.1" 200 1150
::1 - - [24/Jul/2018:13:40:25 -0300] "GET /apple-icon.png HTTP/1.1" 404 212
::1 - - [24/Jul/2018:13:40:25 -0300] "GET /favicon.ico HTTP/1.1" 200 1150
::1 - - [24/Jul/2018:13:40:48 -0300] "POST /login.php HTTP/1.1" 302 3270
::1 - - [24/Jul/2018:13:40:48 -0300] "GET /index.php HTTP/1.1" 200 6382
::1 - - [24/Jul/2018:13:40:48 -0300] "GET /images/profile/felipe.jpg HTTP/1.1" 200 36432
::1 - - [24/Jul/2018:13:40:48 -0300] "GET /assets/css/lib/vector-map/jqvmap.min.css HTTP/1.1" 200 809
::1 - - [24/Jul/2018:13:40:48 -0300] "GET /images/logo2.png HTTP/1.1" 200 1133
::1 - - [24/Jul/2018:13:40:48 -0300] "GET /images/flags/4x3/br.svg HTTP/1.1" 200 12458
::1 - - [24/Jul/2018:13:40:48 -0300] "GET /assets/fonts/fontawesome-webfont.woff2?v=4.7.0 HTTP/1.1" 200 77160
::1 - - [24/Jul/2018:13:40:51 -0300] "GET /agendamento.php HTTP/1.1" 200 11877
