2018-04-22 12:51:33 1176 [Note] Plugin 'FEDERATED' is disabled.
2018-04-22 12:51:33 1176 [Note] InnoDB: The InnoDB memory heap is disabled
2018-04-22 12:51:33 1176 [Note] InnoDB: Mutexes and rw_locks use Windows interlocked functions
2018-04-22 12:51:33 1176 [Note] InnoDB: Compressed tables use zlib 1.2.3
2018-04-22 12:51:33 1176 [Note] InnoDB: Not using CPU crc32 instructions
2018-04-22 12:51:33 1176 [Note] InnoDB: Initializing buffer pool, size = 128.0M
2018-04-22 12:51:33 1176 [Note] InnoDB: Completed initialization of buffer pool
2018-04-22 12:51:33 1176 [Note] InnoDB: Setting log file J:\projetoFinal\HexaMedicine\mysql\data\ib_logfile101 size to 5 MB
2018-04-22 12:51:35 1176 [Note] InnoDB: Setting log file J:\projetoFinal\HexaMedicine\mysql\data\ib_logfile1 size to 5 MB
2018-04-22 12:51:36 1176 [Note] InnoDB: Renaming log file J:\projetoFinal\HexaMedicine\mysql\data\ib_logfile101 to J:\projetoFinal\HexaMedicine\mysql\data\ib_logfile0
2018-04-22 12:51:36 1176 [Warning] InnoDB: New log files created, LSN=1626134
2018-04-22 12:51:36 1176 [Note] InnoDB: Highest supported file format is Barracuda.
2018-04-22 12:51:36 1176 [Note] InnoDB: 128 rollback segment(s) are active.
2018-04-22 12:51:36 1176 [Note] InnoDB: Waiting for purge to start
2018-04-22 12:51:36 1176 [Note] InnoDB: 5.6.13 started; log sequence number 1626636
2018-04-22 12:51:36 1176 [Warning] No existing UUID has been found, so we assume that this is the first time that this server has been started. Generating a new UUID: 09caee96-4645-11e8-a7bd-7a79194f1d00.
2018-04-22 12:51:36 1176 [Note] Server hostname (bind-address): '*'; port: 3307
2018-04-22 12:51:36 1176 [Note] IPv6 is available.
2018-04-22 12:51:36 1176 [Note]   - '::' resolves to '::';
2018-04-22 12:51:36 1176 [Note] Server socket created on IP: '::'.
2018-04-22 12:51:36 1176 [Note] Event Scheduler: Loaded 0 events
2018-04-22 12:51:36 1176 [Note] J:\projetoFinal\HexaMedicine/mysql/bin/mysqld_usbwv8.exe: ready for connections.
Version: '5.6.13'  socket: ''  port: 3307  MySQL Community Server (GPL)
2018-04-27 23:14:32 5296 [Note] Plugin 'FEDERATED' is disabled.
2018-04-27 23:14:32 5296 [Note] InnoDB: The InnoDB memory heap is disabled
2018-04-27 23:14:32 5296 [Note] InnoDB: Mutexes and rw_locks use Windows interlocked functions
2018-04-27 23:14:32 5296 [Note] InnoDB: Compressed tables use zlib 1.2.3
2018-04-27 23:14:32 5296 [Note] InnoDB: Not using CPU crc32 instructions
2018-04-27 23:14:32 5296 [Note] InnoDB: Initializing buffer pool, size = 128.0M
2018-04-27 23:14:32 5296 [Note] InnoDB: Completed initialization of buffer pool
2018-04-27 23:14:33 5296 [Note] InnoDB: Highest supported file format is Barracuda.
2018-04-27 23:14:33 5296 [Note] InnoDB: The log sequence numbers 1626134 and 1626134 in ibdata files do not match the log sequence number 2014031 in the ib_logfiles!
2018-04-27 23:14:33 5296 [Note] InnoDB: Database was not shutdown normally!
2018-04-27 23:14:33 5296 [Note] InnoDB: Starting crash recovery.
2018-04-27 23:14:33 5296 [Note] InnoDB: Reading tablespace information from the .ibd files...
2018-04-27 23:14:34 5296 [Note] InnoDB: Restoring possible half-written data pages 
2018-04-27 23:14:34 5296 [Note] InnoDB: from the doublewrite buffer...
2018-04-27 23:14:35 5296 [Note] InnoDB: 128 rollback segment(s) are active.
2018-04-27 23:14:35 5296 [Note] InnoDB: Waiting for purge to start
2018-04-27 23:14:35 5296 [Note] InnoDB: 5.6.13 started; log sequence number 2014031
2018-04-27 23:14:35 5296 [Note] Server hostname (bind-address): '*'; port: 3307
2018-04-27 23:14:35 5296 [Note] IPv6 is available.
2018-04-27 23:14:35 5296 [Note]   - '::' resolves to '::';
2018-04-27 23:14:35 5296 [Note] Server socket created on IP: '::'.
2018-04-27 23:14:36 5296 [Note] Event Scheduler: Loaded 0 events
2018-04-27 23:14:36 5296 [Note] J:\projetoFinal\HexaMedicine/mysql/bin/mysqld_usbwv8.exe: ready for connections.
Version: '5.6.13'  socket: ''  port: 3307  MySQL Community Server (GPL)
2018-04-27 23:44:26 9084 [Note] Plugin 'FEDERATED' is disabled.
2018-04-27 23:44:26 9084 [Note] InnoDB: The InnoDB memory heap is disabled
2018-04-27 23:44:26 9084 [Note] InnoDB: Mutexes and rw_locks use Windows interlocked functions
2018-04-27 23:44:26 9084 [Note] InnoDB: Compressed tables use zlib 1.2.3
2018-04-27 23:44:26 9084 [Note] InnoDB: Not using CPU crc32 instructions
2018-04-27 23:44:26 9084 [Note] InnoDB: Initializing buffer pool, size = 128.0M
2018-04-27 23:44:26 9084 [Note] InnoDB: Completed initialization of buffer pool
2018-04-27 23:44:27 9084 [Note] InnoDB: Highest supported file format is Barracuda.
2018-04-27 23:44:27 9084 [Note] InnoDB: The log sequence numbers 1626134 and 1626134 in ibdata files do not match the log sequence number 2014352 in the ib_logfiles!
2018-04-27 23:44:27 9084 [Note] InnoDB: Database was not shutdown normally!
2018-04-27 23:44:27 9084 [Note] InnoDB: Starting crash recovery.
2018-04-27 23:44:27 9084 [Note] InnoDB: Reading tablespace information from the .ibd files...
2018-04-27 23:44:27 9084 [Note] InnoDB: Restoring possible half-written data pages 
2018-04-27 23:44:27 9084 [Note] InnoDB: from the doublewrite buffer...
2018-04-27 23:44:29 9084 [Note] InnoDB: 128 rollback segment(s) are active.
2018-04-27 23:44:29 9084 [Note] InnoDB: Waiting for purge to start
2018-04-27 23:44:29 9084 [Note] InnoDB: 5.6.13 started; log sequence number 2014352
2018-04-27 23:44:29 9084 [Note] Server hostname (bind-address): '*'; port: 3307
2018-04-27 23:44:29 9084 [Note] IPv6 is available.
2018-04-27 23:44:29 9084 [Note]   - '::' resolves to '::';
2018-04-27 23:44:29 9084 [Note] Server socket created on IP: '::'.
2018-04-28 17:11:00 6748 [Note] Plugin 'FEDERATED' is disabled.
2018-04-28 17:11:00 6748 [Note] InnoDB: The InnoDB memory heap is disabled
2018-04-28 17:11:00 6748 [Note] InnoDB: Mutexes and rw_locks use Windows interlocked functions
2018-04-28 17:11:00 6748 [Note] InnoDB: Compressed tables use zlib 1.2.3
2018-04-28 17:11:00 6748 [Note] InnoDB: Not using CPU crc32 instructions
2018-04-28 17:11:00 6748 [Note] InnoDB: Initializing buffer pool, size = 128.0M
2018-04-28 17:11:00 6748 [Note] InnoDB: Completed initialization of buffer pool
2018-04-28 17:11:01 6748 [Note] InnoDB: Highest supported file format is Barracuda.
2018-04-28 17:11:01 6748 [Note] InnoDB: The log sequence numbers 1626134 and 1626134 in ibdata files do not match the log sequence number 2014362 in the ib_logfiles!
2018-04-28 17:11:01 6748 [Note] InnoDB: Database was not shutdown normally!
2018-04-28 17:11:01 6748 [Note] InnoDB: Starting crash recovery.
2018-04-28 17:11:01 6748 [Note] InnoDB: Reading tablespace information from the .ibd files...
2018-04-28 17:11:01 6748 [Note] InnoDB: Restoring possible half-written data pages 
2018-04-28 17:11:01 6748 [Note] InnoDB: from the doublewrite buffer...
2018-04-28 17:11:03 6748 [Note] InnoDB: 128 rollback segment(s) are active.
2018-04-28 17:11:03 6748 [Note] InnoDB: Waiting for purge to start
2018-04-28 17:11:03 6748 [Note] InnoDB: 5.6.13 started; log sequence number 2014362
2018-04-28 17:11:03 6748 [Note] Server hostname (bind-address): '*'; port: 3307
2018-04-28 17:11:03 6748 [Note] IPv6 is available.
2018-04-28 17:11:03 6748 [Note]   - '::' resolves to '::';
2018-04-28 17:11:03 6748 [Note] Server socket created on IP: '::'.
2018-05-04 19:21:00 6796 [Note] Plugin 'FEDERATED' is disabled.
2018-05-04 19:21:00 6796 [Note] InnoDB: The InnoDB memory heap is disabled
2018-05-04 19:21:00 6796 [Note] InnoDB: Mutexes and rw_locks use Windows interlocked functions
2018-05-04 19:21:00 6796 [Note] InnoDB: Compressed tables use zlib 1.2.3
2018-05-04 19:21:00 6796 [Note] InnoDB: Not using CPU crc32 instructions
2018-05-04 19:21:00 6796 [Note] InnoDB: Initializing buffer pool, size = 128.0M
2018-05-04 19:21:00 6796 [Note] InnoDB: Completed initialization of buffer pool
2018-05-04 19:21:01 6796 [Note] InnoDB: Highest supported file format is Barracuda.
2018-05-04 19:21:01 6796 [Note] InnoDB: The log sequence numbers 1626134 and 1626134 in ibdata files do not match the log sequence number 2106998 in the ib_logfiles!
2018-05-04 19:21:01 6796 [Note] InnoDB: Database was not shutdown normally!
2018-05-04 19:21:01 6796 [Note] InnoDB: Starting crash recovery.
2018-05-04 19:21:01 6796 [Note] InnoDB: Reading tablespace information from the .ibd files...
2018-05-04 19:21:01 6796 [Note] InnoDB: Restoring possible half-written data pages 
2018-05-04 19:21:01 6796 [Note] InnoDB: from the doublewrite buffer...
2018-05-04 19:21:02 6796 [Note] InnoDB: 128 rollback segment(s) are active.
2018-05-04 19:21:02 6796 [Note] InnoDB: Waiting for purge to start
2018-05-04 19:21:02 6796 [Note] InnoDB: 5.6.13 started; log sequence number 2106998
2018-05-04 19:21:02 6796 [Note] Server hostname (bind-address): '*'; port: 3307
2018-05-04 19:21:02 6796 [Note] IPv6 is available.
2018-05-04 19:21:02 6796 [Note]   - '::' resolves to '::';
2018-05-04 19:21:02 6796 [Note] Server socket created on IP: '::'.
2018-05-05 11:17:23 7468 [Note] Plugin 'FEDERATED' is disabled.
2018-05-05 11:17:24 7468 [Note] InnoDB: The InnoDB memory heap is disabled
2018-05-05 11:17:24 7468 [Note] InnoDB: Mutexes and rw_locks use Windows interlocked functions
2018-05-05 11:17:24 7468 [Note] InnoDB: Compressed tables use zlib 1.2.3
2018-05-05 11:17:24 7468 [Note] InnoDB: Not using CPU crc32 instructions
2018-05-05 11:17:24 7468 [Note] InnoDB: Initializing buffer pool, size = 128.0M
2018-05-05 11:17:24 7468 [Note] InnoDB: Completed initialization of buffer pool
2018-05-05 11:17:25 7468 [Note] InnoDB: Highest supported file format is Barracuda.
2018-05-05 11:17:25 7468 [Note] InnoDB: The log sequence numbers 1626134 and 1626134 in ibdata files do not match the log sequence number 2126530 in the ib_logfiles!
2018-05-05 11:17:25 7468 [Note] InnoDB: Database was not shutdown normally!
2018-05-05 11:17:25 7468 [Note] InnoDB: Starting crash recovery.
2018-05-05 11:17:25 7468 [Note] InnoDB: Reading tablespace information from the .ibd files...
2018-05-05 11:17:25 7468 [Note] InnoDB: Restoring possible half-written data pages 
2018-05-05 11:17:25 7468 [Note] InnoDB: from the doublewrite buffer...
2018-05-05 11:17:26 7468 [Note] InnoDB: 128 rollback segment(s) are active.
2018-05-05 11:17:26 7468 [Note] InnoDB: Waiting for purge to start
2018-05-05 11:17:26 7468 [Note] InnoDB: 5.6.13 started; log sequence number 2126530
2018-05-05 11:17:26 7468 [Note] Server hostname (bind-address): '*'; port: 3307
2018-05-05 11:17:26 7468 [Note] IPv6 is available.
2018-05-05 11:17:26 7468 [Note]   - '::' resolves to '::';
2018-05-05 11:17:26 7468 [Note] Server socket created on IP: '::'.
2018-05-05 13:35:50 6988 [Note] Plugin 'FEDERATED' is disabled.
2018-05-05 13:35:50 6988 [Note] InnoDB: The InnoDB memory heap is disabled
2018-05-05 13:35:50 6988 [Note] InnoDB: Mutexes and rw_locks use Windows interlocked functions
2018-05-05 13:35:50 6988 [Note] InnoDB: Compressed tables use zlib 1.2.3
2018-05-05 13:35:50 6988 [Note] InnoDB: Not using CPU crc32 instructions
2018-05-05 13:35:50 6988 [Note] InnoDB: Initializing buffer pool, size = 128.0M
2018-05-05 13:35:50 6988 [Note] InnoDB: Completed initialization of buffer pool
2018-05-05 13:35:51 6988 [Note] InnoDB: Highest supported file format is Barracuda.
2018-05-05 13:35:51 6988 [Note] InnoDB: The log sequence numbers 1626134 and 1626134 in ibdata files do not match the log sequence number 2163364 in the ib_logfiles!
2018-05-05 13:35:51 6988 [Note] InnoDB: Database was not shutdown normally!
2018-05-05 13:35:51 6988 [Note] InnoDB: Starting crash recovery.
2018-05-05 13:35:51 6988 [Note] InnoDB: Reading tablespace information from the .ibd files...
2018-05-05 13:35:51 6988 [Note] InnoDB: Restoring possible half-written data pages 
2018-05-05 13:35:51 6988 [Note] InnoDB: from the doublewrite buffer...
2018-05-05 13:35:53 6988 [Note] InnoDB: 128 rollback segment(s) are active.
2018-05-05 13:35:53 6988 [Note] InnoDB: Waiting for purge to start
2018-05-05 13:35:53 6988 [Note] InnoDB: 5.6.13 started; log sequence number 2163364
2018-05-05 13:35:53 6988 [Note] Server hostname (bind-address): '*'; port: 3307
2018-05-05 13:35:53 6988 [Note] IPv6 is available.
2018-05-05 13:35:53 6988 [Note]   - '::' resolves to '::';
2018-05-05 13:35:53 6988 [Note] Server socket created on IP: '::'.
2018-05-18 23:24:37 4812 [Note] Plugin 'FEDERATED' is disabled.
2018-05-18 23:24:37 4812 [Note] InnoDB: The InnoDB memory heap is disabled
2018-05-18 23:24:37 4812 [Note] InnoDB: Mutexes and rw_locks use Windows interlocked functions
2018-05-18 23:24:37 4812 [Note] InnoDB: Compressed tables use zlib 1.2.3
2018-05-18 23:24:37 4812 [Note] InnoDB: Not using CPU crc32 instructions
2018-05-18 23:24:37 4812 [Note] InnoDB: Initializing buffer pool, size = 128.0M
2018-05-18 23:24:37 4812 [Note] InnoDB: Completed initialization of buffer pool
2018-05-18 23:24:38 4812 [Note] InnoDB: Highest supported file format is Barracuda.
2018-05-18 23:24:38 4812 [Note] InnoDB: The log sequence numbers 1626134 and 1626134 in ibdata files do not match the log sequence number 2222875 in the ib_logfiles!
2018-05-18 23:24:38 4812 [Note] InnoDB: Database was not shutdown normally!
2018-05-18 23:24:38 4812 [Note] InnoDB: Starting crash recovery.
2018-05-18 23:24:38 4812 [Note] InnoDB: Reading tablespace information from the .ibd files...
2018-05-18 23:24:38 4812 [Note] InnoDB: Restoring possible half-written data pages 
2018-05-18 23:24:38 4812 [Note] InnoDB: from the doublewrite buffer...
2018-05-18 23:24:40 4812 [Note] InnoDB: 128 rollback segment(s) are active.
2018-05-18 23:24:40 4812 [Note] InnoDB: Waiting for purge to start
2018-05-18 23:24:40 4812 [Note] InnoDB: 5.6.13 started; log sequence number 2222875
2018-05-18 23:24:40 4812 [Note] Server hostname (bind-address): '*'; port: 3307
2018-05-18 23:24:40 4812 [Note] IPv6 is available.
2018-05-18 23:24:40 4812 [Note]   - '::' resolves to '::';
2018-05-18 23:24:40 4812 [Note] Server socket created on IP: '::'.
2018-05-18 23:25:11 8972 [Note] Plugin 'FEDERATED' is disabled.
2018-05-18 23:25:11 8972 [Note] InnoDB: The InnoDB memory heap is disabled
2018-05-18 23:25:11 8972 [Note] InnoDB: Mutexes and rw_locks use Windows interlocked functions
2018-05-18 23:25:11 8972 [Note] InnoDB: Compressed tables use zlib 1.2.3
2018-05-18 23:25:11 8972 [Note] InnoDB: Not using CPU crc32 instructions
2018-05-18 23:25:11 8972 [Note] InnoDB: Initializing buffer pool, size = 128.0M
2018-05-18 23:25:11 8972 [Note] InnoDB: Completed initialization of buffer pool
2018-05-18 23:25:12 8972 [Note] InnoDB: Highest supported file format is Barracuda.
2018-05-18 23:25:12 8972 [Note] InnoDB: The log sequence numbers 1626134 and 1626134 in ibdata files do not match the log sequence number 2222885 in the ib_logfiles!
2018-05-18 23:25:12 8972 [Note] InnoDB: Database was not shutdown normally!
2018-05-18 23:25:12 8972 [Note] InnoDB: Starting crash recovery.
2018-05-18 23:25:12 8972 [Note] InnoDB: Reading tablespace information from the .ibd files...
2018-05-18 23:25:12 8972 [Note] InnoDB: Restoring possible half-written data pages 
2018-05-18 23:25:12 8972 [Note] InnoDB: from the doublewrite buffer...
2018-05-18 23:25:14 8972 [Note] InnoDB: 128 rollback segment(s) are active.
2018-05-18 23:25:14 8972 [Note] InnoDB: Waiting for purge to start
2018-05-18 23:25:14 8972 [Note] InnoDB: 5.6.13 started; log sequence number 2222885
2018-05-18 23:25:14 8972 [Note] Server hostname (bind-address): '*'; port: 3307
2018-05-18 23:25:14 8972 [Note] IPv6 is available.
2018-05-18 23:25:14 8972 [Note]   - '::' resolves to '::';
2018-05-18 23:25:14 8972 [Note] Server socket created on IP: '::'.
2018-05-20 10:50:55 10224 [Note] Plugin 'FEDERATED' is disabled.
2018-05-20 10:50:55 10224 [Note] InnoDB: The InnoDB memory heap is disabled
2018-05-20 10:50:55 10224 [Note] InnoDB: Mutexes and rw_locks use Windows interlocked functions
2018-05-20 10:50:55 10224 [Note] InnoDB: Compressed tables use zlib 1.2.3
2018-05-20 10:50:55 10224 [Note] InnoDB: Not using CPU crc32 instructions
2018-05-20 10:50:55 10224 [Note] InnoDB: Initializing buffer pool, size = 128.0M
2018-05-20 10:50:55 10224 [Note] InnoDB: Completed initialization of buffer pool
2018-05-20 10:50:56 10224 [Note] InnoDB: Highest supported file format is Barracuda.
2018-05-20 10:50:56 10224 [Note] InnoDB: The log sequence numbers 1626134 and 1626134 in ibdata files do not match the log sequence number 2222895 in the ib_logfiles!
2018-05-20 10:50:56 10224 [Note] InnoDB: Database was not shutdown normally!
2018-05-20 10:50:56 10224 [Note] InnoDB: Starting crash recovery.
2018-05-20 10:50:56 10224 [Note] InnoDB: Reading tablespace information from the .ibd files...
2018-05-20 10:50:56 10224 [Note] InnoDB: Restoring possible half-written data pages 
2018-05-20 10:50:56 10224 [Note] InnoDB: from the doublewrite buffer...
2018-05-20 10:50:59 10224 [Note] InnoDB: 128 rollback segment(s) are active.
2018-05-20 10:50:59 10224 [Note] InnoDB: Waiting for purge to start
2018-05-20 10:50:59 10224 [Note] InnoDB: 5.6.13 started; log sequence number 2222895
2018-05-20 10:50:59 10224 [Note] Server hostname (bind-address): '*'; port: 3307
2018-05-20 10:50:59 10224 [Note] IPv6 is available.
2018-05-20 10:50:59 10224 [Note]   - '::' resolves to '::';
2018-05-20 10:50:59 10224 [Note] Server socket created on IP: '::'.
2018-05-20 14:42:34 9680 [Note] Plugin 'FEDERATED' is disabled.
2018-05-20 14:42:34 9680 [Note] InnoDB: The InnoDB memory heap is disabled
2018-05-20 14:42:34 9680 [Note] InnoDB: Mutexes and rw_locks use Windows interlocked functions
2018-05-20 14:42:34 9680 [Note] InnoDB: Compressed tables use zlib 1.2.3
2018-05-20 14:42:34 9680 [Note] InnoDB: Not using CPU crc32 instructions
2018-05-20 14:42:34 9680 [Note] InnoDB: Initializing buffer pool, size = 128.0M
2018-05-20 14:42:34 9680 [Note] InnoDB: Completed initialization of buffer pool
2018-05-20 14:42:34 9680 [Note] InnoDB: Highest supported file format is Barracuda.
2018-05-20 14:42:34 9680 [Note] InnoDB: The log sequence numbers 1626134 and 1626134 in ibdata files do not match the log sequence number 2233473 in the ib_logfiles!
2018-05-20 14:42:34 9680 [Note] InnoDB: Database was not shutdown normally!
2018-05-20 14:42:34 9680 [Note] InnoDB: Starting crash recovery.
2018-05-20 14:42:34 9680 [Note] InnoDB: Reading tablespace information from the .ibd files...
2018-05-20 14:42:34 9680 [Note] InnoDB: Restoring possible half-written data pages 
2018-05-20 14:42:34 9680 [Note] InnoDB: from the doublewrite buffer...
2018-05-20 14:42:36 9680 [Note] InnoDB: 128 rollback segment(s) are active.
2018-05-20 14:42:36 9680 [Note] InnoDB: Waiting for purge to start
2018-05-20 14:42:36 9680 [Note] InnoDB: 5.6.13 started; log sequence number 2233473
2018-05-20 14:42:36 9680 [Note] Server hostname (bind-address): '*'; port: 3307
2018-05-20 14:42:36 9680 [Note] IPv6 is available.
2018-05-20 14:42:36 9680 [Note]   - '::' resolves to '::';
2018-05-20 14:42:36 9680 [Note] Server socket created on IP: '::'.
2018-05-20 14:42:36 9680 [Note] Event Scheduler: Loaded 0 events
2018-05-20 14:42:36 9680 [Note] J:\Site/mysql/bin/mysqld_usbwv8.exe: ready for connections.
Version: '5.6.13'  socket: ''  port: 3307  MySQL Community Server (GPL)
2018-05-20 15:12:04 7760 [Note] Plugin 'FEDERATED' is disabled.
2018-05-20 15:12:04 7760 [Note] InnoDB: The InnoDB memory heap is disabled
2018-05-20 15:12:04 7760 [Note] InnoDB: Mutexes and rw_locks use Windows interlocked functions
2018-05-20 15:12:04 7760 [Note] InnoDB: Compressed tables use zlib 1.2.3
2018-05-20 15:12:04 7760 [Note] InnoDB: Not using CPU crc32 instructions
2018-05-20 15:12:04 7760 [Note] InnoDB: Initializing buffer pool, size = 128.0M
2018-05-20 15:12:04 7760 [Note] InnoDB: Completed initialization of buffer pool
2018-05-20 15:12:04 7760 [ERROR] InnoDB: J:\Site\mysql\data\ibdata1 can't be opened in read-write mode
2018-05-20 15:12:04 7760 [ERROR] InnoDB: The system tablespace must be writable!
2018-05-20 15:12:04 7760 [ERROR] Plugin 'InnoDB' init function returned error.
2018-05-20 15:12:04 7760 [ERROR] Plugin 'InnoDB' registration as a STORAGE ENGINE failed.
2018-05-20 15:12:04 7760 [ERROR] Unknown/unsupported storage engine: InnoDB
2018-05-20 15:12:04 7760 [ERROR] Aborting

2018-05-20 15:12:04 7760 [Note] Binlog end
2018-05-20 15:12:04 7760 [Note] Shutting down plugin 'partition'
2018-05-20 15:12:04 7760 [Note] Shutting down plugin 'PERFORMANCE_SCHEMA'
2018-05-20 15:12:04 7760 [Note] Shutting down plugin 'INNODB_SYS_DATAFILES'
2018-05-20 15:12:04 7760 [Note] Shutting down plugin 'INNODB_SYS_TABLESPACES'
2018-05-20 15:12:04 7760 [Note] Shutting down plugin 'INNODB_SYS_FOREIGN_COLS'
2018-05-20 15:12:04 7760 [Note] Shutting down plugin 'INNODB_SYS_FOREIGN'
2018-05-20 15:12:04 7760 [Note] Shutting down plugin 'INNODB_SYS_FIELDS'
2018-05-20 15:12:04 7760 [Note] Shutting down plugin 'INNODB_SYS_COLUMNS'
2018-05-20 15:12:04 7760 [Note] Shutting down plugin 'INNODB_SYS_INDEXES'
2018-05-20 15:12:04 7760 [Note] Shutting down plugin 'INNODB_SYS_TABLESTATS'
2018-05-20 15:12:04 7760 [Note] Shutting down plugin 'INNODB_SYS_TABLES'
2018-05-20 15:12:04 7760 [Note] Shutting down plugin 'INNODB_FT_INDEX_TABLE'
2018-05-20 15:12:04 7760 [Note] Shutting down plugin 'INNODB_FT_INDEX_CACHE'
2018-05-20 15:12:04 7760 [Note] Shutting down plugin 'INNODB_FT_CONFIG'
2018-05-20 15:12:04 7760 [Note] Shutting down plugin 'INNODB_FT_BEING_DELETED'
2018-05-20 15:12:04 7760 [Note] Shutting down plugin 'INNODB_FT_DELETED'
2018-05-20 15:12:04 7760 [Note] Shutting down plugin 'INNODB_FT_DEFAULT_STOPWORD'
2018-05-20 15:12:04 7760 [Note] Shutting down plugin 'INNODB_METRICS'
2018-05-20 15:12:04 7760 [Note] Shutting down plugin 'INNODB_BUFFER_POOL_STATS'
2018-05-20 15:12:04 7760 [Note] Shutting down plugin 'INNODB_BUFFER_PAGE_LRU'
2018-05-20 15:12:04 7760 [Note] Shutting down plugin 'INNODB_BUFFER_PAGE'
2018-05-20 15:12:04 7760 [Note] Shutting down plugin 'INNODB_CMP_PER_INDEX_RESET'
2018-05-20 15:12:04 7760 [Note] Shutting down plugin 'INNODB_CMP_PER_INDEX'
2018-05-20 15:12:04 7760 [Note] Shutting down plugin 'INNODB_CMPMEM_RESET'
2018-05-20 15:12:04 7760 [Note] Shutting down plugin 'INNODB_CMPMEM'
2018-05-20 15:12:04 7760 [Note] Shutting down plugin 'INNODB_CMP_RESET'
2018-05-20 15:12:04 7760 [Note] Shutting down plugin 'INNODB_CMP'
2018-05-20 15:12:04 7760 [Note] Shutting down plugin 'INNODB_LOCK_WAITS'
2018-05-20 15:12:04 7760 [Note] Shutting down plugin 'INNODB_LOCKS'
2018-05-20 15:12:04 7760 [Note] Shutting down plugin 'INNODB_TRX'
2018-05-20 15:12:04 7760 [Note] Shutting down plugin 'BLACKHOLE'
2018-05-20 15:12:04 7760 [Note] Shutting down plugin 'ARCHIVE'
2018-05-20 15:12:04 7760 [Note] Shutting down plugin 'MRG_MYISAM'
2018-05-20 15:12:04 7760 [Note] Shutting down plugin 'MyISAM'
2018-05-20 15:12:04 7760 [Note] Shutting down plugin 'MEMORY'
2018-05-20 15:12:04 7760 [Note] Shutting down plugin 'CSV'
2018-05-20 15:12:04 7760 [Note] Shutting down plugin 'sha256_password'
2018-05-20 15:12:04 7760 [Note] Shutting down plugin 'mysql_old_password'
2018-05-20 15:12:04 7760 [Note] Shutting down plugin 'mysql_native_password'
2018-05-20 15:12:04 7760 [Note] Shutting down plugin 'binlog'
2018-05-20 15:12:04 7760 [Note] J:\Site/mysql/bin/mysqld_usbwv8.exe: Shutdown complete

2018-05-20 15:12:16 2360 [Note] Plugin 'FEDERATED' is disabled.
2018-05-20 15:12:16 2360 [Note] InnoDB: The InnoDB memory heap is disabled
2018-05-20 15:12:16 2360 [Note] InnoDB: Mutexes and rw_locks use Windows interlocked functions
2018-05-20 15:12:16 2360 [Note] InnoDB: Compressed tables use zlib 1.2.3
2018-05-20 15:12:16 2360 [Note] InnoDB: Not using CPU crc32 instructions
2018-05-20 15:12:16 2360 [Note] InnoDB: Initializing buffer pool, size = 128.0M
2018-05-20 15:12:16 2360 [Note] InnoDB: Completed initialization of buffer pool
2018-05-20 15:12:16 2360 [Note] InnoDB: Highest supported file format is Barracuda.
2018-05-20 15:12:16 2360 [Note] InnoDB: The log sequence numbers 1626134 and 1626134 in ibdata files do not match the log sequence number 2238085 in the ib_logfiles!
2018-05-20 15:12:16 2360 [Note] InnoDB: Database was not shutdown normally!
2018-05-20 15:12:16 2360 [Note] InnoDB: Starting crash recovery.
2018-05-20 15:12:16 2360 [Note] InnoDB: Reading tablespace information from the .ibd files...
2018-05-20 15:12:16 2360 [Note] InnoDB: Restoring possible half-written data pages 
2018-05-20 15:12:16 2360 [Note] InnoDB: from the doublewrite buffer...
2018-05-20 15:12:17 2360 [Note] InnoDB: 128 rollback segment(s) are active.
2018-05-20 15:12:17 2360 [Note] InnoDB: Waiting for purge to start
2018-05-20 15:12:17 2360 [Note] InnoDB: 5.6.13 started; log sequence number 2238085
2018-05-20 15:12:17 2360 [Note] Server hostname (bind-address): '*'; port: 3307
2018-05-20 15:12:17 2360 [Note] IPv6 is available.
2018-05-20 15:12:17 2360 [Note]   - '::' resolves to '::';
2018-05-20 15:12:17 2360 [Note] Server socket created on IP: '::'.
2018-05-20 15:12:17 2360 [Note] Event Scheduler: Loaded 0 events
2018-05-20 15:12:17 2360 [Note] J:\Site/mysql/bin/mysqld_usbwv8.exe: ready for connections.
Version: '5.6.13'  socket: ''  port: 3307  MySQL Community Server (GPL)
2018-05-20 15:27:32 7636 [Note] Plugin 'FEDERATED' is disabled.
2018-05-20 15:27:32 7636 [Note] InnoDB: The InnoDB memory heap is disabled
2018-05-20 15:27:32 7636 [Note] InnoDB: Mutexes and rw_locks use Windows interlocked functions
2018-05-20 15:27:32 7636 [Note] InnoDB: Compressed tables use zlib 1.2.3
2018-05-20 15:27:32 7636 [Note] InnoDB: Not using CPU crc32 instructions
2018-05-20 15:27:32 7636 [Note] InnoDB: Initializing buffer pool, size = 128.0M
2018-05-20 15:27:32 7636 [Note] InnoDB: Completed initialization of buffer pool
2018-05-20 15:27:32 7636 [Note] InnoDB: Highest supported file format is Barracuda.
2018-05-20 15:27:32 7636 [Note] InnoDB: The log sequence numbers 1626134 and 1626134 in ibdata files do not match the log sequence number 2238095 in the ib_logfiles!
2018-05-20 15:27:32 7636 [Note] InnoDB: Database was not shutdown normally!
2018-05-20 15:27:32 7636 [Note] InnoDB: Starting crash recovery.
2018-05-20 15:27:32 7636 [Note] InnoDB: Reading tablespace information from the .ibd files...
2018-05-20 15:27:32 7636 [Note] InnoDB: Restoring possible half-written data pages 
2018-05-20 15:27:32 7636 [Note] InnoDB: from the doublewrite buffer...
2018-05-20 15:27:33 7636 [Note] InnoDB: 128 rollback segment(s) are active.
2018-05-20 15:27:33 7636 [Note] InnoDB: Waiting for purge to start
2018-05-20 15:27:33 7636 [Note] InnoDB: 5.6.13 started; log sequence number 2238095
2018-05-20 15:27:33 7636 [Note] Server hostname (bind-address): '*'; port: 3307
2018-05-20 15:27:33 7636 [Note] IPv6 is available.
2018-05-20 15:27:33 7636 [Note]   - '::' resolves to '::';
2018-05-20 15:27:33 7636 [Note] Server socket created on IP: '::'.
2018-06-08 20:24:44 1276 [Note] Plugin 'FEDERATED' is disabled.
2018-06-08 20:24:44 1276 [Note] InnoDB: The InnoDB memory heap is disabled
2018-06-08 20:24:44 1276 [Note] InnoDB: Mutexes and rw_locks use Windows interlocked functions
2018-06-08 20:24:44 1276 [Note] InnoDB: Compressed tables use zlib 1.2.3
2018-06-08 20:24:44 1276 [Note] InnoDB: Not using CPU crc32 instructions
2018-06-08 20:24:44 1276 [Note] InnoDB: Initializing buffer pool, size = 128.0M
2018-06-08 20:24:44 1276 [Note] InnoDB: Completed initialization of buffer pool
2018-06-08 20:24:45 1276 [Note] InnoDB: Highest supported file format is Barracuda.
2018-06-08 20:24:45 1276 [Note] InnoDB: The log sequence numbers 1626134 and 1626134 in ibdata files do not match the log sequence number 2249671 in the ib_logfiles!
2018-06-08 20:24:45 1276 [Note] InnoDB: Database was not shutdown normally!
2018-06-08 20:24:45 1276 [Note] InnoDB: Starting crash recovery.
2018-06-08 20:24:45 1276 [Note] InnoDB: Reading tablespace information from the .ibd files...
2018-06-08 20:24:45 1276 [Note] InnoDB: Restoring possible half-written data pages 
2018-06-08 20:24:45 1276 [Note] InnoDB: from the doublewrite buffer...
2018-06-08 20:24:46 1276 [Note] InnoDB: 128 rollback segment(s) are active.
2018-06-08 20:24:47 1276 [Note] InnoDB: Waiting for purge to start
2018-06-08 20:24:47 1276 [Note] InnoDB: 5.6.13 started; log sequence number 2249671
2018-06-08 20:24:47 1276 [Note] Server hostname (bind-address): '*'; port: 3307
2018-06-08 20:24:47 1276 [Note] IPv6 is available.
2018-06-08 20:24:47 1276 [Note]   - '::' resolves to '::';
2018-06-08 20:24:47 1276 [Note] Server socket created on IP: '::'.
2018-06-09 14:15:34 9028 [Note] Plugin 'FEDERATED' is disabled.
2018-06-09 14:15:34 9028 [Note] InnoDB: The InnoDB memory heap is disabled
2018-06-09 14:15:34 9028 [Note] InnoDB: Mutexes and rw_locks use Windows interlocked functions
2018-06-09 14:15:34 9028 [Note] InnoDB: Compressed tables use zlib 1.2.3
2018-06-09 14:15:34 9028 [Note] InnoDB: Not using CPU crc32 instructions
2018-06-09 14:15:34 9028 [Note] InnoDB: Initializing buffer pool, size = 128.0M
2018-06-09 14:15:34 9028 [Note] InnoDB: Completed initialization of buffer pool
2018-06-09 14:15:34 9028 [Note] InnoDB: Highest supported file format is Barracuda.
2018-06-09 14:15:34 9028 [Note] InnoDB: The log sequence numbers 1626134 and 1626134 in ibdata files do not match the log sequence number 2249681 in the ib_logfiles!
2018-06-09 14:15:34 9028 [Note] InnoDB: Database was not shutdown normally!
2018-06-09 14:15:34 9028 [Note] InnoDB: Starting crash recovery.
2018-06-09 14:15:34 9028 [Note] InnoDB: Reading tablespace information from the .ibd files...
2018-06-09 14:15:35 9028 [Note] InnoDB: Restoring possible half-written data pages 
2018-06-09 14:15:35 9028 [Note] InnoDB: from the doublewrite buffer...
2018-06-09 14:15:37 9028 [Note] InnoDB: 128 rollback segment(s) are active.
2018-06-09 14:15:37 9028 [Note] InnoDB: Waiting for purge to start
2018-06-09 14:15:37 9028 [Note] InnoDB: 5.6.13 started; log sequence number 2249681
2018-06-09 14:15:37 9028 [Note] Server hostname (bind-address): '*'; port: 3307
2018-06-09 14:15:37 9028 [Note] IPv6 is available.
2018-06-09 14:15:37 9028 [Note]   - '::' resolves to '::';
2018-06-09 14:15:37 9028 [Note] Server socket created on IP: '::'.
2018-06-09 14:15:38 9028 [Note] Event Scheduler: Loaded 0 events
2018-06-09 14:15:38 9028 [Note] J:\Site/mysql/bin/mysqld_usbwv8.exe: ready for connections.
Version: '5.6.13'  socket: ''  port: 3307  MySQL Community Server (GPL)
2018-06-09 21:29:41 10020 [Note] Plugin 'FEDERATED' is disabled.
2018-06-09 21:29:42 10020 [Note] InnoDB: The InnoDB memory heap is disabled
2018-06-09 21:29:42 10020 [Note] InnoDB: Mutexes and rw_locks use Windows interlocked functions
2018-06-09 21:29:42 10020 [Note] InnoDB: Compressed tables use zlib 1.2.3
2018-06-09 21:29:42 10020 [Note] InnoDB: Not using CPU crc32 instructions
2018-06-09 21:29:42 10020 [Note] InnoDB: Initializing buffer pool, size = 128.0M
2018-06-09 21:29:42 10020 [Note] InnoDB: Completed initialization of buffer pool
2018-06-09 21:29:42 10020 [Note] InnoDB: Highest supported file format is Barracuda.
2018-06-09 21:29:42 10020 [Note] InnoDB: The log sequence numbers 1626134 and 1626134 in ibdata files do not match the log sequence number 2257902 in the ib_logfiles!
2018-06-09 21:29:42 10020 [Note] InnoDB: Database was not shutdown normally!
2018-06-09 21:29:42 10020 [Note] InnoDB: Starting crash recovery.
2018-06-09 21:29:42 10020 [Note] InnoDB: Reading tablespace information from the .ibd files...
2018-06-09 21:29:42 10020 [Note] InnoDB: Restoring possible half-written data pages 
2018-06-09 21:29:42 10020 [Note] InnoDB: from the doublewrite buffer...
2018-06-09 21:29:43 10020 [Note] InnoDB: 128 rollback segment(s) are active.
2018-06-09 21:29:43 10020 [Note] InnoDB: Waiting for purge to start
2018-06-09 21:29:44 10020 [Note] InnoDB: 5.6.13 started; log sequence number 2257902
2018-06-09 21:29:44 10020 [Note] Server hostname (bind-address): '*'; port: 3307
2018-06-09 21:29:44 10020 [Note] IPv6 is available.
2018-06-09 21:29:44 10020 [Note]   - '::' resolves to '::';
2018-06-09 21:29:44 10020 [Note] Server socket created on IP: '::'.
2018-06-09 21:29:45 10020 [Note] Event Scheduler: Loaded 0 events
2018-06-09 21:29:45 10020 [Note] J:\Site/mysql/bin/mysqld_usbwv8.exe: ready for connections.
Version: '5.6.13'  socket: ''  port: 3307  MySQL Community Server (GPL)
2018-06-10 16:14:44 9212 [Note] Plugin 'FEDERATED' is disabled.
2018-06-10 16:14:44 9212 [Note] InnoDB: The InnoDB memory heap is disabled
2018-06-10 16:14:44 9212 [Note] InnoDB: Mutexes and rw_locks use Windows interlocked functions
2018-06-10 16:14:44 9212 [Note] InnoDB: Compressed tables use zlib 1.2.3
2018-06-10 16:14:44 9212 [Note] InnoDB: Not using CPU crc32 instructions
2018-06-10 16:14:44 9212 [Note] InnoDB: Initializing buffer pool, size = 128.0M
2018-06-10 16:14:45 9212 [Note] InnoDB: Completed initialization of buffer pool
2018-06-10 16:14:45 9212 [Note] InnoDB: Highest supported file format is Barracuda.
2018-06-10 16:14:45 9212 [Note] InnoDB: The log sequence numbers 1626134 and 1626134 in ibdata files do not match the log sequence number 2259132 in the ib_logfiles!
2018-06-10 16:14:45 9212 [Note] InnoDB: Database was not shutdown normally!
2018-06-10 16:14:45 9212 [Note] InnoDB: Starting crash recovery.
2018-06-10 16:14:45 9212 [Note] InnoDB: Reading tablespace information from the .ibd files...
2018-06-10 16:14:46 9212 [Note] InnoDB: Restoring possible half-written data pages 
2018-06-10 16:14:46 9212 [Note] InnoDB: from the doublewrite buffer...
2018-06-10 16:14:47 9212 [Note] InnoDB: 128 rollback segment(s) are active.
2018-06-10 16:14:47 9212 [Note] InnoDB: Waiting for purge to start
2018-06-10 16:14:48 9212 [Note] InnoDB: 5.6.13 started; log sequence number 2259132
2018-06-10 16:14:48 9212 [Note] Server hostname (bind-address): '*'; port: 3307
2018-06-10 16:14:48 9212 [Note] IPv6 is available.
2018-06-10 16:14:48 9212 [Note]   - '::' resolves to '::';
2018-06-10 16:14:48 9212 [Note] Server socket created on IP: '::'.
2018-06-16 11:46:58 3308 [Note] Plugin 'FEDERATED' is disabled.
2018-06-16 11:46:59 3308 [Note] InnoDB: The InnoDB memory heap is disabled
2018-06-16 11:46:59 3308 [Note] InnoDB: Mutexes and rw_locks use Windows interlocked functions
2018-06-16 11:46:59 3308 [Note] InnoDB: Compressed tables use zlib 1.2.3
2018-06-16 11:46:59 3308 [Note] InnoDB: Not using CPU crc32 instructions
2018-06-16 11:46:59 3308 [Note] InnoDB: Initializing buffer pool, size = 128.0M
2018-06-16 11:46:59 3308 [Note] InnoDB: Completed initialization of buffer pool
2018-06-16 11:47:00 3308 [Note] InnoDB: Highest supported file format is Barracuda.
2018-06-16 11:47:00 3308 [Note] InnoDB: The log sequence numbers 2265634 and 2265634 in ibdata files do not match the log sequence number 2265644 in the ib_logfiles!
2018-06-16 11:47:00 3308 [Note] InnoDB: Database was not shutdown normally!
2018-06-16 11:47:00 3308 [Note] InnoDB: Starting crash recovery.
2018-06-16 11:47:00 3308 [Note] InnoDB: Reading tablespace information from the .ibd files...
2018-06-16 11:47:00 3308 [Note] InnoDB: Restoring possible half-written data pages 
2018-06-16 11:47:00 3308 [Note] InnoDB: from the doublewrite buffer...
2018-06-16 11:47:03 3308 [Note] InnoDB: 128 rollback segment(s) are active.
2018-06-16 11:47:03 3308 [Note] InnoDB: Waiting for purge to start
2018-06-16 11:47:03 3308 [Note] InnoDB: 5.6.13 started; log sequence number 2265644
2018-06-16 11:47:03 3308 [Note] Server hostname (bind-address): '*'; port: 3307
2018-06-16 11:47:03 3308 [Note] IPv6 is available.
2018-06-16 11:47:03 3308 [Note]   - '::' resolves to '::';
2018-06-16 11:47:03 3308 [Note] Server socket created on IP: '::'.
2018-06-16 15:47:27 2848 [Note] Plugin 'FEDERATED' is disabled.
2018-06-16 15:47:28 2848 [Note] InnoDB: The InnoDB memory heap is disabled
2018-06-16 15:47:28 2848 [Note] InnoDB: Mutexes and rw_locks use Windows interlocked functions
2018-06-16 15:47:28 2848 [Note] InnoDB: Compressed tables use zlib 1.2.3
2018-06-16 15:47:28 2848 [Note] InnoDB: Not using CPU crc32 instructions
2018-06-16 15:47:28 2848 [Note] InnoDB: Initializing buffer pool, size = 128.0M
2018-06-16 15:47:28 2848 [Note] InnoDB: Completed initialization of buffer pool
2018-06-16 15:47:28 2848 [Note] InnoDB: Highest supported file format is Barracuda.
2018-06-16 15:47:28 2848 [Note] InnoDB: The log sequence numbers 2265634 and 2265634 in ibdata files do not match the log sequence number 2280986 in the ib_logfiles!
2018-06-16 15:47:28 2848 [Note] InnoDB: Database was not shutdown normally!
2018-06-16 15:47:28 2848 [Note] InnoDB: Starting crash recovery.
2018-06-16 15:47:28 2848 [Note] InnoDB: Reading tablespace information from the .ibd files...
2018-06-16 15:47:28 2848 [Note] InnoDB: Restoring possible half-written data pages 
2018-06-16 15:47:28 2848 [Note] InnoDB: from the doublewrite buffer...
2018-06-16 15:47:29 2848 [Note] InnoDB: 128 rollback segment(s) are active.
2018-06-16 15:47:29 2848 [Note] InnoDB: Waiting for purge to start
2018-06-16 15:47:29 2848 [Note] InnoDB: 5.6.13 started; log sequence number 2280986
2018-06-16 15:47:29 2848 [Note] Server hostname (bind-address): '*'; port: 3307
2018-06-16 15:47:29 2848 [Note] IPv6 is available.
2018-06-16 15:47:29 2848 [Note]   - '::' resolves to '::';
2018-06-16 15:47:29 2848 [Note] Server socket created on IP: '::'.
2018-06-23 18:45:52 6336 [Note] Plugin 'FEDERATED' is disabled.
2018-06-23 18:45:52 6336 [Note] InnoDB: The InnoDB memory heap is disabled
2018-06-23 18:45:52 6336 [Note] InnoDB: Mutexes and rw_locks use Windows interlocked functions
2018-06-23 18:45:52 6336 [Note] InnoDB: Compressed tables use zlib 1.2.3
2018-06-23 18:45:52 6336 [Note] InnoDB: Not using CPU crc32 instructions
2018-06-23 18:45:52 6336 [Note] InnoDB: Initializing buffer pool, size = 128.0M
2018-06-23 18:45:52 6336 [Note] InnoDB: Completed initialization of buffer pool
2018-06-23 18:45:53 6336 [Note] InnoDB: Highest supported file format is Barracuda.
2018-06-23 18:45:53 6336 [Note] InnoDB: The log sequence numbers 2265634 and 2265634 in ibdata files do not match the log sequence number 2285283 in the ib_logfiles!
2018-06-23 18:45:53 6336 [Note] InnoDB: Database was not shutdown normally!
2018-06-23 18:45:53 6336 [Note] InnoDB: Starting crash recovery.
2018-06-23 18:45:53 6336 [Note] InnoDB: Reading tablespace information from the .ibd files...
2018-06-23 18:45:53 6336 [Note] InnoDB: Restoring possible half-written data pages 
2018-06-23 18:45:53 6336 [Note] InnoDB: from the doublewrite buffer...
2018-06-23 18:45:55 6336 [Note] InnoDB: 128 rollback segment(s) are active.
2018-06-23 18:45:55 6336 [Note] InnoDB: Waiting for purge to start
2018-06-23 18:45:55 6336 [Note] InnoDB: 5.6.13 started; log sequence number 2285283
2018-06-23 18:45:55 6336 [Note] Server hostname (bind-address): '*'; port: 3307
2018-06-23 18:45:55 6336 [Note] IPv6 is available.
2018-06-23 18:45:55 6336 [Note]   - '::' resolves to '::';
2018-06-23 18:45:55 6336 [Note] Server socket created on IP: '::'.
2018-06-23 19:38:56 8056 [Note] Plugin 'FEDERATED' is disabled.
2018-06-23 19:38:56 8056 [Note] InnoDB: The InnoDB memory heap is disabled
2018-06-23 19:38:56 8056 [Note] InnoDB: Mutexes and rw_locks use Windows interlocked functions
2018-06-23 19:38:56 8056 [Note] InnoDB: Compressed tables use zlib 1.2.3
2018-06-23 19:38:56 8056 [Note] InnoDB: Not using CPU crc32 instructions
2018-06-23 19:38:56 8056 [Note] InnoDB: Initializing buffer pool, size = 128.0M
2018-06-23 19:38:56 8056 [Note] InnoDB: Completed initialization of buffer pool
2018-06-23 19:38:56 8056 [Note] InnoDB: Highest supported file format is Barracuda.
2018-06-23 19:38:56 8056 [Note] InnoDB: The log sequence numbers 2265634 and 2265634 in ibdata files do not match the log sequence number 2285429 in the ib_logfiles!
2018-06-23 19:38:56 8056 [Note] InnoDB: Database was not shutdown normally!
2018-06-23 19:38:56 8056 [Note] InnoDB: Starting crash recovery.
2018-06-23 19:38:56 8056 [Note] InnoDB: Reading tablespace information from the .ibd files...
2018-06-23 19:38:56 8056 [Note] InnoDB: Restoring possible half-written data pages 
2018-06-23 19:38:56 8056 [Note] InnoDB: from the doublewrite buffer...
2018-06-23 19:38:57 8056 [Note] InnoDB: 128 rollback segment(s) are active.
2018-06-23 19:38:57 8056 [Note] InnoDB: Waiting for purge to start
2018-06-23 19:38:57 8056 [Note] InnoDB: 5.6.13 started; log sequence number 2285429
2018-06-23 19:38:57 8056 [Note] Server hostname (bind-address): '*'; port: 3307
2018-06-23 19:38:57 8056 [Note] IPv6 is available.
2018-06-23 19:38:57 8056 [Note]   - '::' resolves to '::';
2018-06-23 19:38:57 8056 [Note] Server socket created on IP: '::'.
2018-06-23 20:15:45 3356 [Note] Plugin 'FEDERATED' is disabled.
2018-06-23 20:15:45 3356 [Note] InnoDB: The InnoDB memory heap is disabled
2018-06-23 20:15:45 3356 [Note] InnoDB: Mutexes and rw_locks use Windows interlocked functions
2018-06-23 20:15:45 3356 [Note] InnoDB: Compressed tables use zlib 1.2.3
2018-06-23 20:15:45 3356 [Note] InnoDB: Not using CPU crc32 instructions
2018-06-23 20:15:45 3356 [Note] InnoDB: Initializing buffer pool, size = 128.0M
2018-06-23 20:15:45 3356 [Note] InnoDB: Completed initialization of buffer pool
2018-06-23 20:15:45 3356 [Note] InnoDB: Highest supported file format is Barracuda.
2018-06-23 20:15:45 3356 [Note] InnoDB: The log sequence numbers 2265634 and 2265634 in ibdata files do not match the log sequence number 2285439 in the ib_logfiles!
2018-06-23 20:15:45 3356 [Note] InnoDB: Database was not shutdown normally!
2018-06-23 20:15:45 3356 [Note] InnoDB: Starting crash recovery.
2018-06-23 20:15:45 3356 [Note] InnoDB: Reading tablespace information from the .ibd files...
2018-06-23 20:15:45 3356 [Note] InnoDB: Restoring possible half-written data pages 
2018-06-23 20:15:45 3356 [Note] InnoDB: from the doublewrite buffer...
2018-06-23 20:15:46 3356 [Note] InnoDB: 128 rollback segment(s) are active.
2018-06-23 20:15:46 3356 [Note] InnoDB: Waiting for purge to start
2018-06-23 20:15:46 3356 [Note] InnoDB: 5.6.13 started; log sequence number 2285439
2018-06-23 20:15:46 3356 [Note] Server hostname (bind-address): '*'; port: 3307
2018-06-23 20:15:46 3356 [Note] IPv6 is available.
2018-06-23 20:15:46 3356 [Note]   - '::' resolves to '::';
2018-06-23 20:15:46 3356 [Note] Server socket created on IP: '::'.
2018-06-24 00:55:32 8304 [Note] Plugin 'FEDERATED' is disabled.
2018-06-24 00:55:32 8304 [Note] InnoDB: The InnoDB memory heap is disabled
2018-06-24 00:55:32 8304 [Note] InnoDB: Mutexes and rw_locks use Windows interlocked functions
2018-06-24 00:55:32 8304 [Note] InnoDB: Compressed tables use zlib 1.2.3
2018-06-24 00:55:32 8304 [Note] InnoDB: Not using CPU crc32 instructions
2018-06-24 00:55:32 8304 [Note] InnoDB: Initializing buffer pool, size = 128.0M
2018-06-24 00:55:32 8304 [Note] InnoDB: Completed initialization of buffer pool
2018-06-24 00:55:32 8304 [Note] InnoDB: Highest supported file format is Barracuda.
2018-06-24 00:55:32 8304 [Note] InnoDB: The log sequence numbers 2265634 and 2265634 in ibdata files do not match the log sequence number 2285449 in the ib_logfiles!
2018-06-24 00:55:32 8304 [Note] InnoDB: Database was not shutdown normally!
2018-06-24 00:55:32 8304 [Note] InnoDB: Starting crash recovery.
2018-06-24 00:55:32 8304 [Note] InnoDB: Reading tablespace information from the .ibd files...
2018-06-24 00:55:34 8304 [Note] InnoDB: Restoring possible half-written data pages 
2018-06-24 00:55:34 8304 [Note] InnoDB: from the doublewrite buffer...
2018-06-24 00:55:35 8304 [Note] InnoDB: 128 rollback segment(s) are active.
2018-06-24 00:55:35 8304 [Note] InnoDB: Waiting for purge to start
2018-06-24 00:55:35 8304 [Note] InnoDB: 5.6.13 started; log sequence number 2285449
2018-06-24 00:55:35 8304 [Note] Server hostname (bind-address): '*'; port: 3307
2018-06-24 00:55:35 8304 [Note] IPv6 is available.
2018-06-24 00:55:35 8304 [Note]   - '::' resolves to '::';
2018-06-24 00:55:35 8304 [Note] Server socket created on IP: '::'.
2018-06-24 01:31:38 7208 [Note] Plugin 'FEDERATED' is disabled.
2018-06-24 01:31:38 7208 [Note] InnoDB: The InnoDB memory heap is disabled
2018-06-24 01:31:38 7208 [Note] InnoDB: Mutexes and rw_locks use Windows interlocked functions
2018-06-24 01:31:38 7208 [Note] InnoDB: Compressed tables use zlib 1.2.3
2018-06-24 01:31:38 7208 [Note] InnoDB: Not using CPU crc32 instructions
2018-06-24 01:31:38 7208 [Note] InnoDB: Initializing buffer pool, size = 128.0M
2018-06-24 01:31:38 7208 [Note] InnoDB: Completed initialization of buffer pool
2018-06-24 01:31:38 7208 [Note] InnoDB: Highest supported file format is Barracuda.
2018-06-24 01:31:38 7208 [Note] InnoDB: The log sequence numbers 2265634 and 2265634 in ibdata files do not match the log sequence number 2286318 in the ib_logfiles!
2018-06-24 01:31:38 7208 [Note] InnoDB: Database was not shutdown normally!
2018-06-24 01:31:38 7208 [Note] InnoDB: Starting crash recovery.
2018-06-24 01:31:38 7208 [Note] InnoDB: Reading tablespace information from the .ibd files...
2018-06-24 01:31:38 7208 [Note] InnoDB: Restoring possible half-written data pages 
2018-06-24 01:31:38 7208 [Note] InnoDB: from the doublewrite buffer...
2018-06-24 01:31:39 7208 [Note] InnoDB: 128 rollback segment(s) are active.
2018-06-24 01:31:39 7208 [Note] InnoDB: Waiting for purge to start
2018-06-24 01:31:39 7208 [Note] InnoDB: 5.6.13 started; log sequence number 2286318
2018-06-24 01:31:39 7208 [Note] Server hostname (bind-address): '*'; port: 3307
2018-06-24 01:31:39 7208 [Note] IPv6 is available.
2018-06-24 01:31:39 7208 [Note]   - '::' resolves to '::';
2018-06-24 01:31:40 7208 [Note] Server socket created on IP: '::'.
2018-06-24 15:28:33 12408 [Note] Plugin 'FEDERATED' is disabled.
2018-06-24 15:28:33 12408 [Note] InnoDB: The InnoDB memory heap is disabled
2018-06-24 15:28:33 12408 [Note] InnoDB: Mutexes and rw_locks use Windows interlocked functions
2018-06-24 15:28:33 12408 [Note] InnoDB: Compressed tables use zlib 1.2.3
2018-06-24 15:28:33 12408 [Note] InnoDB: Not using CPU crc32 instructions
2018-06-24 15:28:33 12408 [Note] InnoDB: Initializing buffer pool, size = 128.0M
2018-06-24 15:28:33 12408 [Note] InnoDB: Completed initialization of buffer pool
2018-06-24 15:28:34 12408 [Note] InnoDB: Highest supported file format is Barracuda.
2018-06-24 15:28:34 12408 [Note] InnoDB: The log sequence numbers 2265634 and 2265634 in ibdata files do not match the log sequence number 2289396 in the ib_logfiles!
2018-06-24 15:28:34 12408 [Note] InnoDB: Database was not shutdown normally!
2018-06-24 15:28:34 12408 [Note] InnoDB: Starting crash recovery.
2018-06-24 15:28:34 12408 [Note] InnoDB: Reading tablespace information from the .ibd files...
2018-06-24 15:28:34 12408 [Note] InnoDB: Restoring possible half-written data pages 
2018-06-24 15:28:34 12408 [Note] InnoDB: from the doublewrite buffer...
2018-06-24 15:28:36 12408 [Note] InnoDB: 128 rollback segment(s) are active.
2018-06-24 15:28:36 12408 [Note] InnoDB: Waiting for purge to start
2018-06-24 15:28:36 12408 [Note] InnoDB: 5.6.13 started; log sequence number 2289396
2018-06-24 15:28:36 12408 [Note] Server hostname (bind-address): '*'; port: 3307
2018-06-24 15:28:36 12408 [Note] IPv6 is available.
2018-06-24 15:28:36 12408 [Note]   - '::' resolves to '::';
2018-06-24 15:28:36 12408 [Note] Server socket created on IP: '::'.
2018-06-24 15:28:37 12408 [Note] Event Scheduler: Loaded 0 events
2018-06-24 15:28:37 12408 [Note] J:\Site/mysql/bin/mysqld_usbwv8.exe: ready for connections.
Version: '5.6.13'  socket: ''  port: 3307  MySQL Community Server (GPL)
