2018-04-23 13:44:28 5148 [Note] Plugin 'FEDERATED' is disabled.
2018-04-23 13:44:28 5148 [Note] InnoDB: The InnoDB memory heap is disabled
2018-04-23 13:44:28 5148 [Note] InnoDB: Mutexes and rw_locks use Windows interlocked functions
2018-04-23 13:44:28 5148 [Note] InnoDB: Compressed tables use zlib 1.2.3
2018-04-23 13:44:28 5148 [Note] InnoDB: Not using CPU crc32 instructions
2018-04-23 13:44:28 5148 [Note] InnoDB: Initializing buffer pool, size = 128.0M
2018-04-23 13:44:28 5148 [Note] InnoDB: Completed initialization of buffer pool
2018-04-23 13:44:28 5148 [Note] InnoDB: Highest supported file format is Barracuda.
2018-04-23 13:44:28 5148 [Note] InnoDB: The log sequence numbers 1626134 and 1626134 in ibdata files do not match the log sequence number 1905468 in the ib_logfiles!
2018-04-23 13:44:28 5148 [Note] InnoDB: Database was not shutdown normally!
2018-04-23 13:44:28 5148 [Note] InnoDB: Starting crash recovery.
2018-04-23 13:44:28 5148 [Note] InnoDB: Reading tablespace information from the .ibd files...
2018-04-23 13:44:29 5148 [Note] InnoDB: Restoring possible half-written data pages 
2018-04-23 13:44:29 5148 [Note] InnoDB: from the doublewrite buffer...
2018-04-23 13:44:30 5148 [Note] InnoDB: 128 rollback segment(s) are active.
2018-04-23 13:44:30 5148 [Note] InnoDB: Waiting for purge to start
2018-04-23 13:44:30 5148 [Note] InnoDB: 5.6.13 started; log sequence number 1905468
2018-04-23 13:44:30 5148 [Note] Server hostname (bind-address): '*'; port: 3307
2018-04-23 13:44:30 5148 [Note] IPv6 is available.
2018-04-23 13:44:30 5148 [Note]   - '::' resolves to '::';
2018-04-23 13:44:30 5148 [Note] Server socket created on IP: '::'.
2018-04-23 13:44:31 5148 [Note] Event Scheduler: Loaded 0 events
2018-04-23 13:44:31 5148 [Note] E:\projetoFinal\HexaMedicine/mysql/bin/mysqld_usbwv8.exe: ready for connections.
Version: '5.6.13'  socket: ''  port: 3307  MySQL Community Server (GPL)
2018-04-27 16:23:41 5068 [Note] Plugin 'FEDERATED' is disabled.
2018-04-27 16:23:41 5068 [Note] InnoDB: The InnoDB memory heap is disabled
2018-04-27 16:23:41 5068 [Note] InnoDB: Mutexes and rw_locks use Windows interlocked functions
2018-04-27 16:23:41 5068 [Note] InnoDB: Compressed tables use zlib 1.2.3
2018-04-27 16:23:41 5068 [Note] InnoDB: Not using CPU crc32 instructions
2018-04-27 16:23:41 5068 [Note] InnoDB: Initializing buffer pool, size = 128.0M
2018-04-27 16:23:41 5068 [Note] InnoDB: Completed initialization of buffer pool
2018-04-27 16:23:44 5068 [Note] InnoDB: Highest supported file format is Barracuda.
2018-04-27 16:23:44 5068 [Note] InnoDB: The log sequence numbers 1626134 and 1626134 in ibdata files do not match the log sequence number 1957911 in the ib_logfiles!
2018-04-27 16:23:44 5068 [Note] InnoDB: Database was not shutdown normally!
2018-04-27 16:23:44 5068 [Note] InnoDB: Starting crash recovery.
2018-04-27 16:23:44 5068 [Note] InnoDB: Reading tablespace information from the .ibd files...
2018-04-27 16:23:45 5068 [Note] InnoDB: Restoring possible half-written data pages 
2018-04-27 16:23:45 5068 [Note] InnoDB: from the doublewrite buffer...
2018-04-27 16:23:48 5068 [Note] InnoDB: 128 rollback segment(s) are active.
2018-04-27 16:23:48 5068 [Note] InnoDB: Waiting for purge to start
2018-04-27 16:23:48 5068 [Note] InnoDB: 5.6.13 started; log sequence number 1957911
2018-04-27 16:23:48 5068 [Note] Server hostname (bind-address): '*'; port: 3307
2018-04-27 16:23:48 5068 [Note] IPv6 is available.
2018-04-27 16:23:48 5068 [Note]   - '::' resolves to '::';
2018-04-27 16:23:48 5068 [Note] Server socket created on IP: '::'.
2018-04-27 16:24:10 5068 [Note] Event Scheduler: Loaded 0 events
2018-04-27 16:24:10 5068 [Note] E:\projetoFinal\HexaMedicine/mysql/bin/mysqld_usbwv8.exe: ready for connections.
Version: '5.6.13'  socket: ''  port: 3307  MySQL Community Server (GPL)
2018-05-04 16:23:56 5536 [Note] Plugin 'FEDERATED' is disabled.
2018-05-04 16:23:56 5536 [Note] InnoDB: The InnoDB memory heap is disabled
2018-05-04 16:23:56 5536 [Note] InnoDB: Mutexes and rw_locks use Windows interlocked functions
2018-05-04 16:23:56 5536 [Note] InnoDB: Compressed tables use zlib 1.2.3
2018-05-04 16:23:56 5536 [Note] InnoDB: Not using CPU crc32 instructions
2018-05-04 16:23:56 5536 [Note] InnoDB: Initializing buffer pool, size = 128.0M
2018-05-04 16:23:56 5536 [Note] InnoDB: Completed initialization of buffer pool
2018-05-04 16:23:56 5536 [Note] InnoDB: Highest supported file format is Barracuda.
2018-05-04 16:23:56 5536 [Note] InnoDB: The log sequence numbers 1626134 and 1626134 in ibdata files do not match the log sequence number 2073877 in the ib_logfiles!
2018-05-04 16:23:56 5536 [Note] InnoDB: Database was not shutdown normally!
2018-05-04 16:23:56 5536 [Note] InnoDB: Starting crash recovery.
2018-05-04 16:23:56 5536 [Note] InnoDB: Reading tablespace information from the .ibd files...
2018-05-04 16:23:56 5536 [Note] InnoDB: Restoring possible half-written data pages 
2018-05-04 16:23:56 5536 [Note] InnoDB: from the doublewrite buffer...
2018-05-04 16:23:57 5536 [Note] InnoDB: 128 rollback segment(s) are active.
2018-05-04 16:23:57 5536 [Note] InnoDB: Waiting for purge to start
2018-05-04 16:23:57 5536 [Note] InnoDB: 5.6.13 started; log sequence number 2073877
2018-05-04 16:23:57 5536 [Note] Server hostname (bind-address): '*'; port: 3307
2018-05-04 16:23:57 5536 [Note] IPv6 is available.
2018-05-04 16:23:57 5536 [Note]   - '::' resolves to '::';
2018-05-04 16:23:57 5536 [Note] Server socket created on IP: '::'.
2018-05-04 16:23:58 5536 [Note] Event Scheduler: Loaded 0 events
2018-05-04 16:23:58 5536 [Note] E:\projetoFinal\HexaMedicine/mysql/bin/mysqld_usbwv8.exe: ready for connections.
Version: '5.6.13'  socket: ''  port: 3307  MySQL Community Server (GPL)
2018-05-14 13:41:39 4564 [Note] Plugin 'FEDERATED' is disabled.
2018-05-14 13:41:40 4564 [Note] InnoDB: The InnoDB memory heap is disabled
2018-05-14 13:41:40 4564 [Note] InnoDB: Mutexes and rw_locks use Windows interlocked functions
2018-05-14 13:41:40 4564 [Note] InnoDB: Compressed tables use zlib 1.2.3
2018-05-14 13:41:40 4564 [Note] InnoDB: Not using CPU crc32 instructions
2018-05-14 13:41:40 4564 [Note] InnoDB: Initializing buffer pool, size = 128.0M
2018-05-14 13:41:40 4564 [Note] InnoDB: Completed initialization of buffer pool
2018-05-14 13:41:40 4564 [Note] InnoDB: Highest supported file format is Barracuda.
2018-05-14 13:41:40 4564 [Note] InnoDB: The log sequence numbers 1626134 and 1626134 in ibdata files do not match the log sequence number 2206008 in the ib_logfiles!
2018-05-14 13:41:40 4564 [Note] InnoDB: Database was not shutdown normally!
2018-05-14 13:41:40 4564 [Note] InnoDB: Starting crash recovery.
2018-05-14 13:41:40 4564 [Note] InnoDB: Reading tablespace information from the .ibd files...
2018-05-14 13:41:41 4564 [Note] InnoDB: Restoring possible half-written data pages 
2018-05-14 13:41:41 4564 [Note] InnoDB: from the doublewrite buffer...
2018-05-14 13:41:42 4564 [Note] InnoDB: 128 rollback segment(s) are active.
2018-05-14 13:41:42 4564 [Note] InnoDB: Waiting for purge to start
2018-05-14 13:41:42 4564 [Note] InnoDB: 5.6.13 started; log sequence number 2206008
2018-05-14 13:41:42 4564 [Note] Server hostname (bind-address): '*'; port: 3307
2018-05-14 13:41:42 4564 [Note] IPv6 is available.
2018-05-14 13:41:42 4564 [Note]   - '::' resolves to '::';
2018-05-14 13:41:42 4564 [Note] Server socket created on IP: '::'.
2018-05-14 13:41:45 4564 [Note] Event Scheduler: Loaded 0 events
2018-05-14 13:41:45 4564 [Note] E:\projetoFinal\HexaMedicine/mysql/bin/mysqld_usbwv8.exe: ready for connections.
Version: '5.6.13'  socket: ''  port: 3307  MySQL Community Server (GPL)
2018-05-18 16:19:43 4928 [Note] Plugin 'FEDERATED' is disabled.
2018-05-18 16:19:43 4928 [Note] InnoDB: The InnoDB memory heap is disabled
2018-05-18 16:19:43 4928 [Note] InnoDB: Mutexes and rw_locks use Windows interlocked functions
2018-05-18 16:19:43 4928 [Note] InnoDB: Compressed tables use zlib 1.2.3
2018-05-18 16:19:43 4928 [Note] InnoDB: Not using CPU crc32 instructions
2018-05-18 16:19:43 4928 [Note] InnoDB: Initializing buffer pool, size = 128.0M
2018-05-18 16:19:43 4928 [Note] InnoDB: Completed initialization of buffer pool
2018-05-18 16:19:43 4928 [Note] InnoDB: Highest supported file format is Barracuda.
2018-05-18 16:19:43 4928 [Note] InnoDB: The log sequence numbers 1626134 and 1626134 in ibdata files do not match the log sequence number 2222855 in the ib_logfiles!
2018-05-18 16:19:43 4928 [Note] InnoDB: Database was not shutdown normally!
2018-05-18 16:19:43 4928 [Note] InnoDB: Starting crash recovery.
2018-05-18 16:19:43 4928 [Note] InnoDB: Reading tablespace information from the .ibd files...
2018-05-18 16:19:43 4928 [Note] InnoDB: Restoring possible half-written data pages 
2018-05-18 16:19:43 4928 [Note] InnoDB: from the doublewrite buffer...
2018-05-18 16:19:44 4928 [Note] InnoDB: 128 rollback segment(s) are active.
2018-05-18 16:19:44 4928 [Note] InnoDB: Waiting for purge to start
2018-05-18 16:19:44 4928 [Note] InnoDB: 5.6.13 started; log sequence number 2222855
2018-05-18 16:19:44 4928 [Note] Server hostname (bind-address): '*'; port: 3307
2018-05-18 16:19:44 4928 [Note] IPv6 is available.
2018-05-18 16:19:44 4928 [Note]   - '::' resolves to '::';
2018-05-18 16:19:44 4928 [Note] Server socket created on IP: '::'.
2018-05-18 16:22:01 4888 [Note] Plugin 'FEDERATED' is disabled.
2018-05-18 16:22:01 4888 [Note] InnoDB: The InnoDB memory heap is disabled
2018-05-18 16:22:01 4888 [Note] InnoDB: Mutexes and rw_locks use Windows interlocked functions
2018-05-18 16:22:01 4888 [Note] InnoDB: Compressed tables use zlib 1.2.3
2018-05-18 16:22:01 4888 [Note] InnoDB: Not using CPU crc32 instructions
2018-05-18 16:22:01 4888 [Note] InnoDB: Initializing buffer pool, size = 128.0M
2018-05-18 16:22:01 4888 [Note] InnoDB: Completed initialization of buffer pool
2018-05-18 16:22:01 4888 [Note] InnoDB: Highest supported file format is Barracuda.
2018-05-18 16:22:02 4888 [Note] InnoDB: The log sequence numbers 1626134 and 1626134 in ibdata files do not match the log sequence number 2222865 in the ib_logfiles!
2018-05-18 16:22:02 4888 [Note] InnoDB: Database was not shutdown normally!
2018-05-18 16:22:02 4888 [Note] InnoDB: Starting crash recovery.
2018-05-18 16:22:02 4888 [Note] InnoDB: Reading tablespace information from the .ibd files...
2018-05-18 16:22:02 4888 [Note] InnoDB: Restoring possible half-written data pages 
2018-05-18 16:22:02 4888 [Note] InnoDB: from the doublewrite buffer...
2018-05-18 16:22:02 4888 [Note] InnoDB: 128 rollback segment(s) are active.
2018-05-18 16:22:02 4888 [Note] InnoDB: Waiting for purge to start
2018-05-18 16:22:02 4888 [Note] InnoDB: 5.6.13 started; log sequence number 2222865
2018-05-18 16:22:02 4888 [Note] Server hostname (bind-address): '*'; port: 3307
2018-05-18 16:22:02 4888 [Note] IPv6 is available.
2018-05-18 16:22:02 4888 [Note]   - '::' resolves to '::';
2018-05-18 16:22:02 4888 [Note] Server socket created on IP: '::'.
2018-05-18 16:22:03 4888 [Note] Event Scheduler: Loaded 0 events
2018-05-18 16:22:03 4888 [Note] E:\projetoFinal\HexaMedicine/mysql/bin/mysqld_usbwv8.exe: ready for connections.
Version: '5.6.13'  socket: ''  port: 3307  MySQL Community Server (GPL)
2018-05-21 14:17:22 3012 [Note] Plugin 'FEDERATED' is disabled.
2018-05-21 14:17:22 3012 [Note] InnoDB: The InnoDB memory heap is disabled
2018-05-21 14:17:22 3012 [Note] InnoDB: Mutexes and rw_locks use Windows interlocked functions
2018-05-21 14:17:22 3012 [Note] InnoDB: Compressed tables use zlib 1.2.3
2018-05-21 14:17:22 3012 [Note] InnoDB: Not using CPU crc32 instructions
2018-05-21 14:17:22 3012 [Note] InnoDB: Initializing buffer pool, size = 128.0M
2018-05-21 14:17:22 3012 [Note] InnoDB: Completed initialization of buffer pool
2018-05-21 14:17:22 3012 [Note] InnoDB: Highest supported file format is Barracuda.
2018-05-21 14:17:22 3012 [Note] InnoDB: The log sequence numbers 1626134 and 1626134 in ibdata files do not match the log sequence number 2238776 in the ib_logfiles!
2018-05-21 14:17:22 3012 [Note] InnoDB: Database was not shutdown normally!
2018-05-21 14:17:22 3012 [Note] InnoDB: Starting crash recovery.
2018-05-21 14:17:22 3012 [Note] InnoDB: Reading tablespace information from the .ibd files...
2018-05-21 14:17:22 3012 [Note] InnoDB: Restoring possible half-written data pages 
2018-05-21 14:17:22 3012 [Note] InnoDB: from the doublewrite buffer...
2018-05-21 14:17:23 3012 [Note] InnoDB: 128 rollback segment(s) are active.
2018-05-21 14:17:23 3012 [Note] InnoDB: Waiting for purge to start
2018-05-21 14:17:23 3012 [Note] InnoDB: 5.6.13 started; log sequence number 2238776
2018-05-21 14:17:23 3012 [Note] Server hostname (bind-address): '*'; port: 3307
2018-05-21 14:17:23 3012 [Note] IPv6 is available.
2018-05-21 14:17:23 3012 [Note]   - '::' resolves to '::';
2018-05-21 14:17:23 3012 [Note] Server socket created on IP: '::'.
2018-05-21 14:17:24 3012 [Note] Event Scheduler: Loaded 0 events
2018-05-21 14:17:24 3012 [Note] E:\Site/mysql/bin/mysqld_usbwv8.exe: ready for connections.
Version: '5.6.13'  socket: ''  port: 3307  MySQL Community Server (GPL)
2018-05-25 16:20:44 4112 [Note] Plugin 'FEDERATED' is disabled.
2018-05-25 16:20:44 4112 [Note] InnoDB: The InnoDB memory heap is disabled
2018-05-25 16:20:44 4112 [Note] InnoDB: Mutexes and rw_locks use Windows interlocked functions
2018-05-25 16:20:44 4112 [Note] InnoDB: Compressed tables use zlib 1.2.3
2018-05-25 16:20:44 4112 [Note] InnoDB: Not using CPU crc32 instructions
2018-05-25 16:20:44 4112 [Note] InnoDB: Initializing buffer pool, size = 128.0M
2018-05-25 16:20:44 4112 [Note] InnoDB: Completed initialization of buffer pool
2018-05-25 16:20:44 4112 [Note] InnoDB: Highest supported file format is Barracuda.
2018-05-25 16:20:44 4112 [Note] InnoDB: The log sequence numbers 1626134 and 1626134 in ibdata files do not match the log sequence number 2248991 in the ib_logfiles!
2018-05-25 16:20:44 4112 [Note] InnoDB: Database was not shutdown normally!
2018-05-25 16:20:44 4112 [Note] InnoDB: Starting crash recovery.
2018-05-25 16:20:44 4112 [Note] InnoDB: Reading tablespace information from the .ibd files...
2018-05-25 16:20:44 4112 [Note] InnoDB: Restoring possible half-written data pages 
2018-05-25 16:20:44 4112 [Note] InnoDB: from the doublewrite buffer...
2018-05-25 16:20:45 4112 [Note] InnoDB: 128 rollback segment(s) are active.
2018-05-25 16:20:45 4112 [Note] InnoDB: Waiting for purge to start
2018-05-25 16:20:45 4112 [Note] InnoDB: 5.6.13 started; log sequence number 2248991
2018-05-25 16:20:45 4112 [Note] Server hostname (bind-address): '*'; port: 3307
2018-05-25 16:20:45 4112 [Note] IPv6 is available.
2018-05-25 16:20:45 4112 [Note]   - '::' resolves to '::';
2018-05-25 16:20:45 4112 [Note] Server socket created on IP: '::'.
2018-05-25 16:20:54 4112 [Note] Event Scheduler: Loaded 0 events
2018-05-25 16:20:54 4112 [Note] E:\Site/mysql/bin/mysqld_usbwv8.exe: ready for connections.
Version: '5.6.13'  socket: ''  port: 3307  MySQL Community Server (GPL)
2018-05-25 16:58:23 5544 [Note] Plugin 'FEDERATED' is disabled.
2018-05-25 16:58:23 5544 [Note] InnoDB: The InnoDB memory heap is disabled
2018-05-25 16:58:23 5544 [Note] InnoDB: Mutexes and rw_locks use Windows interlocked functions
2018-05-25 16:58:23 5544 [Note] InnoDB: Compressed tables use zlib 1.2.3
2018-05-25 16:58:23 5544 [Note] InnoDB: Not using CPU crc32 instructions
2018-05-25 16:58:23 5544 [Note] InnoDB: Initializing buffer pool, size = 128.0M
2018-05-25 16:58:23 5544 [Note] InnoDB: Completed initialization of buffer pool
2018-05-25 16:58:23 5544 [Note] InnoDB: Highest supported file format is Barracuda.
2018-05-25 16:58:23 5544 [Note] InnoDB: The log sequence numbers 1626134 and 1626134 in ibdata files do not match the log sequence number 2249001 in the ib_logfiles!
2018-05-25 16:58:23 5544 [Note] InnoDB: Database was not shutdown normally!
2018-05-25 16:58:23 5544 [Note] InnoDB: Starting crash recovery.
2018-05-25 16:58:23 5544 [Note] InnoDB: Reading tablespace information from the .ibd files...
2018-05-25 16:58:23 5544 [Note] InnoDB: Restoring possible half-written data pages 
2018-05-25 16:58:23 5544 [Note] InnoDB: from the doublewrite buffer...
2018-05-25 16:58:24 5544 [Note] InnoDB: 128 rollback segment(s) are active.
2018-05-25 16:58:24 5544 [Note] InnoDB: Waiting for purge to start
2018-05-25 16:58:24 5544 [Note] InnoDB: 5.6.13 started; log sequence number 2249001
2018-05-25 16:58:24 5544 [Note] Server hostname (bind-address): '*'; port: 3307
2018-05-25 16:58:24 5544 [Note] IPv6 is available.
2018-05-25 16:58:24 5544 [Note]   - '::' resolves to '::';
2018-05-25 16:58:24 5544 [Note] Server socket created on IP: '::'.
2018-05-25 16:58:25 5544 [Note] Event Scheduler: Loaded 0 events
2018-05-25 16:58:25 5544 [Note] E:\Site/mysql/bin/mysqld_usbwv8.exe: ready for connections.
Version: '5.6.13'  socket: ''  port: 3307  MySQL Community Server (GPL)
2018-06-15 16:45:18 2472 [Note] Plugin 'FEDERATED' is disabled.
2018-06-15 16:45:18 2472 [Note] InnoDB: The InnoDB memory heap is disabled
2018-06-15 16:45:18 2472 [Note] InnoDB: Mutexes and rw_locks use Windows interlocked functions
2018-06-15 16:45:18 2472 [Note] InnoDB: Compressed tables use zlib 1.2.3
2018-06-15 16:45:18 2472 [Note] InnoDB: Not using CPU crc32 instructions
2018-06-15 16:45:18 2472 [Note] InnoDB: Initializing buffer pool, size = 128.0M
2018-06-15 16:45:18 2472 [Note] InnoDB: Completed initialization of buffer pool
2018-06-15 16:45:18 2472 [Note] InnoDB: Highest supported file format is Barracuda.
2018-06-15 16:45:18 2472 [Note] InnoDB: The log sequence numbers 1626134 and 1626134 in ibdata files do not match the log sequence number 2265624 in the ib_logfiles!
2018-06-15 16:45:18 2472 [Note] InnoDB: Database was not shutdown normally!
2018-06-15 16:45:18 2472 [Note] InnoDB: Starting crash recovery.
2018-06-15 16:45:18 2472 [Note] InnoDB: Reading tablespace information from the .ibd files...
2018-06-15 16:45:18 2472 [Note] InnoDB: Restoring possible half-written data pages 
2018-06-15 16:45:18 2472 [Note] InnoDB: from the doublewrite buffer...
2018-06-15 16:45:19 2472 [Note] InnoDB: 128 rollback segment(s) are active.
2018-06-15 16:45:19 2472 [Note] InnoDB: Waiting for purge to start
2018-06-15 16:45:19 2472 [Note] InnoDB: 5.6.13 started; log sequence number 2265624
2018-06-15 16:45:19 2472 [Note] Server hostname (bind-address): '*'; port: 3307
2018-06-15 16:45:19 2472 [Note] IPv6 is available.
2018-06-15 16:45:19 2472 [Note]   - '::' resolves to '::';
2018-06-15 16:45:19 2472 [Note] Server socket created on IP: '::'.
2018-06-15 16:45:19 2472 [ERROR] Can't start server: Bind on TCP/IP port: No such file or directory
2018-06-15 16:45:19 2472 [ERROR] Do you already have another mysqld server running on port: 3307 ?
2018-06-15 16:45:19 2472 [ERROR] Aborting

2018-06-15 16:45:19 2472 [Note] Binlog end
2018-06-15 16:45:19 2472 [Note] Shutting down plugin 'partition'
2018-06-15 16:45:19 2472 [Note] Shutting down plugin 'PERFORMANCE_SCHEMA'
2018-06-15 16:45:19 2472 [Note] Shutting down plugin 'INNODB_SYS_DATAFILES'
2018-06-15 16:45:19 2472 [Note] Shutting down plugin 'INNODB_SYS_TABLESPACES'
2018-06-15 16:45:19 2472 [Note] Shutting down plugin 'INNODB_SYS_FOREIGN_COLS'
2018-06-15 16:45:19 2472 [Note] Shutting down plugin 'INNODB_SYS_FOREIGN'
2018-06-15 16:45:19 2472 [Note] Shutting down plugin 'INNODB_SYS_FIELDS'
2018-06-15 16:45:19 2472 [Note] Shutting down plugin 'INNODB_SYS_COLUMNS'
2018-06-15 16:45:19 2472 [Note] Shutting down plugin 'INNODB_SYS_INDEXES'
2018-06-15 16:45:19 2472 [Note] Shutting down plugin 'INNODB_SYS_TABLESTATS'
2018-06-15 16:45:19 2472 [Note] Shutting down plugin 'INNODB_SYS_TABLES'
2018-06-15 16:45:19 2472 [Note] Shutting down plugin 'INNODB_FT_INDEX_TABLE'
2018-06-15 16:45:19 2472 [Note] Shutting down plugin 'INNODB_FT_INDEX_CACHE'
2018-06-15 16:45:19 2472 [Note] Shutting down plugin 'INNODB_FT_CONFIG'
2018-06-15 16:45:19 2472 [Note] Shutting down plugin 'INNODB_FT_BEING_DELETED'
2018-06-15 16:45:19 2472 [Note] Shutting down plugin 'INNODB_FT_DELETED'
2018-06-15 16:45:19 2472 [Note] Shutting down plugin 'INNODB_FT_DEFAULT_STOPWORD'
2018-06-15 16:45:19 2472 [Note] Shutting down plugin 'INNODB_METRICS'
2018-06-15 16:45:19 2472 [Note] Shutting down plugin 'INNODB_BUFFER_POOL_STATS'
2018-06-15 16:45:19 2472 [Note] Shutting down plugin 'INNODB_BUFFER_PAGE_LRU'
2018-06-15 16:45:19 2472 [Note] Shutting down plugin 'INNODB_BUFFER_PAGE'
2018-06-15 16:45:19 2472 [Note] Shutting down plugin 'INNODB_CMP_PER_INDEX_RESET'
2018-06-15 16:45:19 2472 [Note] Shutting down plugin 'INNODB_CMP_PER_INDEX'
2018-06-15 16:45:19 2472 [Note] Shutting down plugin 'INNODB_CMPMEM_RESET'
2018-06-15 16:45:19 2472 [Note] Shutting down plugin 'INNODB_CMPMEM'
2018-06-15 16:45:19 2472 [Note] Shutting down plugin 'INNODB_CMP_RESET'
2018-06-15 16:45:19 2472 [Note] Shutting down plugin 'INNODB_CMP'
2018-06-15 16:45:19 2472 [Note] Shutting down plugin 'INNODB_LOCK_WAITS'
2018-06-15 16:45:19 2472 [Note] Shutting down plugin 'INNODB_LOCKS'
2018-06-15 16:45:19 2472 [Note] Shutting down plugin 'INNODB_TRX'
2018-06-15 16:45:19 2472 [Note] Shutting down plugin 'InnoDB'
2018-06-15 16:45:19 2472 [Note] InnoDB: FTS optimize thread exiting.
2018-06-15 16:45:19 2472 [Note] InnoDB: Starting shutdown...
2018-06-15 16:45:21 2472 [Note] InnoDB: Shutdown completed; log sequence number 2265634
2018-06-15 16:45:21 2472 [Note] Shutting down plugin 'BLACKHOLE'
2018-06-15 16:45:21 2472 [Note] Shutting down plugin 'ARCHIVE'
2018-06-15 16:45:21 2472 [Note] Shutting down plugin 'MRG_MYISAM'
2018-06-15 16:45:21 2472 [Note] Shutting down plugin 'MyISAM'
2018-06-15 16:45:21 2472 [Note] Shutting down plugin 'MEMORY'
2018-06-15 16:45:21 2472 [Note] Shutting down plugin 'CSV'
2018-06-15 16:45:21 2472 [Note] Shutting down plugin 'sha256_password'
2018-06-15 16:45:21 2472 [Note] Shutting down plugin 'mysql_old_password'
2018-06-15 16:45:21 2472 [Note] Shutting down plugin 'mysql_native_password'
2018-06-15 16:45:21 2472 [Note] Shutting down plugin 'binlog'
2018-06-15 16:45:21 2472 [Note] E:\Site/mysql/bin/mysqld_usbwv8.exe: Shutdown complete

2018-06-15 16:47:48 2824 [Note] Plugin 'FEDERATED' is disabled.
2018-06-15 16:47:48 2824 [Note] InnoDB: The InnoDB memory heap is disabled
2018-06-15 16:47:48 2824 [Note] InnoDB: Mutexes and rw_locks use Windows interlocked functions
2018-06-15 16:47:48 2824 [Note] InnoDB: Compressed tables use zlib 1.2.3
2018-06-15 16:47:48 2824 [Note] InnoDB: Not using CPU crc32 instructions
2018-06-15 16:47:48 2824 [Note] InnoDB: Initializing buffer pool, size = 128.0M
2018-06-15 16:47:48 2824 [Note] InnoDB: Completed initialization of buffer pool
2018-06-15 16:47:48 2824 [Note] InnoDB: Highest supported file format is Barracuda.
2018-06-15 16:47:49 2824 [Note] InnoDB: 128 rollback segment(s) are active.
2018-06-15 16:47:49 2824 [Note] InnoDB: Waiting for purge to start
2018-06-15 16:47:49 2824 [Note] InnoDB: 5.6.13 started; log sequence number 2265634
2018-06-15 16:47:49 2824 [Note] Server hostname (bind-address): '*'; port: 3307
2018-06-15 16:47:49 2824 [Note] IPv6 is available.
2018-06-15 16:47:49 2824 [Note]   - '::' resolves to '::';
2018-06-15 16:47:49 2824 [Note] Server socket created on IP: '::'.
2018-06-15 16:47:51 2824 [Note] Event Scheduler: Loaded 0 events
2018-06-15 16:47:51 2824 [Note] E:\Site/mysql/bin/mysqld_usbwv8.exe: ready for connections.
Version: '5.6.13'  socket: ''  port: 3307  MySQL Community Server (GPL)
